02-May-2024 15:02:24.432 INFO [main] org.apache.catalina.startup.VersionLoggerListener.log Имя версии сервера:    Apache Tomcat/9.0.87
02-May-2024 15:02:24.436 INFO [main] org.apache.catalina.startup.VersionLoggerListener.log Сервер собран:         Mar 11 2024 10:12:34 UTC
02-May-2024 15:02:24.436 INFO [main] org.apache.catalina.startup.VersionLoggerListener.log Номер версии сервера:  9.0.87.0
02-May-2024 15:02:24.436 INFO [main] org.apache.catalina.startup.VersionLoggerListener.log OS Name:               Windows 10
02-May-2024 15:02:24.436 INFO [main] org.apache.catalina.startup.VersionLoggerListener.log Версия ОС:             10.0
02-May-2024 15:02:24.436 INFO [main] org.apache.catalina.startup.VersionLoggerListener.log Архитектура:           amd64
02-May-2024 15:02:24.436 INFO [main] org.apache.catalina.startup.VersionLoggerListener.log Java Home:             C:\Users\dp070\.jdks\openjdk-22.0.1
02-May-2024 15:02:24.436 INFO [main] org.apache.catalina.startup.VersionLoggerListener.log Версия JVM:            22.0.1+8-16
02-May-2024 15:02:24.437 INFO [main] org.apache.catalina.startup.VersionLoggerListener.log Производитель JVM:     Oracle Corporation
02-May-2024 15:02:24.437 INFO [main] org.apache.catalina.startup.VersionLoggerListener.log CATALINA_BASE:         D:\Todo_list\Todo_List3
02-May-2024 15:02:24.437 INFO [main] org.apache.catalina.startup.VersionLoggerListener.log CATALINA_HOME:         C:\Program Files\Apache Software Foundation\Tomcat 9.0
02-May-2024 15:02:24.444 INFO [main] org.apache.catalina.startup.VersionLoggerListener.log Command line argument: --add-opens=java.base/java.lang=ALL-UNNAMED
02-May-2024 15:02:24.444 INFO [main] org.apache.catalina.startup.VersionLoggerListener.log Command line argument: --add-opens=java.base/java.io=ALL-UNNAMED
02-May-2024 15:02:24.444 INFO [main] org.apache.catalina.startup.VersionLoggerListener.log Command line argument: --add-opens=java.base/java.util=ALL-UNNAMED
02-May-2024 15:02:24.444 INFO [main] org.apache.catalina.startup.VersionLoggerListener.log Command line argument: --add-opens=java.base/java.util.concurrent=ALL-UNNAMED
02-May-2024 15:02:24.444 INFO [main] org.apache.catalina.startup.VersionLoggerListener.log Command line argument: --add-opens=java.rmi/sun.rmi.transport=ALL-UNNAMED
02-May-2024 15:02:24.444 INFO [main] org.apache.catalina.startup.VersionLoggerListener.log Command line argument: -Dcatalina.home=C:\Program Files\Apache Software Foundation\Tomcat 9.0
02-May-2024 15:02:24.444 INFO [main] org.apache.catalina.startup.VersionLoggerListener.log Command line argument: -Dcatalina.base=D:\Todo_list\Todo_List3
02-May-2024 15:02:24.444 INFO [main] org.apache.catalina.startup.VersionLoggerListener.log Command line argument: -Djava.io.tmpdir=D:\Todo_list\Todo_List3\temp
02-May-2024 15:02:24.445 INFO [main] org.apache.catalina.startup.VersionLoggerListener.log Command line argument: -Djava.util.logging.config.file=D:\Todo_list\Todo_List3\conf\logging.properties
02-May-2024 15:02:24.445 INFO [main] org.apache.catalina.startup.VersionLoggerListener.log Command line argument: -Djava.util.logging.manager=org.apache.juli.ClassLoaderLogManager
02-May-2024 15:02:24.445 INFO [main] org.apache.catalina.startup.VersionLoggerListener.log Command line argument: -javaagent:C:\Program Files\JetBrains\IntelliJ IDEA Community Edition 2021.1\lib\idea_rt.jar=61613:C:\Program Files\JetBrains\IntelliJ IDEA Community Edition 2021.1\bin
02-May-2024 15:02:24.445 INFO [main] org.apache.catalina.startup.VersionLoggerListener.log Command line argument: -Dfile.encoding=UTF-8
02-May-2024 15:02:24.445 INFO [main] org.apache.catalina.startup.VersionLoggerListener.log Command line argument: -Dsun.stdout.encoding=UTF-8
02-May-2024 15:02:24.445 INFO [main] org.apache.catalina.startup.VersionLoggerListener.log Command line argument: -Dsun.stderr.encoding=UTF-8
02-May-2024 15:02:24.453 INFO [main] org.apache.catalina.core.AprLifecycleListener.lifecycleEvent The Apache Tomcat Native library which allows using OpenSSL was not found on the java.library.path: [C:\Users\dp070\.jdks\openjdk-22.0.1\bin;C:\WINDOWS\Sun\Java\bin;C:\WINDOWS\system32;C:\WINDOWS;C:\Program Files (x86)\NVIDIA Corporation\PhysX\Common;C:\Program Files\Common Files\Oracle\Java\javapath;C:\WINDOWS\system32;C:\WINDOWS;C:\WINDOWS\System32\Wbem;C:\WINDOWS\System32\WindowsPowerShell\v1.0\;C:\WINDOWS\System32\OpenSSH\;C:\Program Files\Java\jdk-15.0.2;C:\Program Files\Git\cmd;C:\Maven\apache-maven-3.9.2\bin;;C:\Program Files\Docker\Docker\resources\bin;C:\Program Files\MySQL\MySQL Shell 8.0\bin\;C:\Users\dp070\AppData\Local\Microsoft\WindowsApps;C:\Users\dp070\AppData\Local\Programs\Microsoft VS Code\bin;C:\Users\dp070\AppData\Local\GitHubDesktop\bin;.]
02-May-2024 15:02:24.830 INFO [main] org.apache.coyote.AbstractProtocol.init Инициализация ProtocolHandler ["http-nio-8080"]
02-May-2024 15:02:24.851 INFO [main] org.apache.catalina.startup.Catalina.load Server initialization in [635] milliseconds
02-May-2024 15:02:24.911 INFO [main] org.apache.catalina.core.StandardService.startInternal Starting service [Catalina]
02-May-2024 15:02:24.911 INFO [main] org.apache.catalina.core.StandardEngine.startInternal Starting Servlet engine: [Apache Tomcat/9.0.87]
02-May-2024 15:02:24.926 INFO [main] org.apache.coyote.AbstractProtocol.start Starting ProtocolHandler ["http-nio-8080"]
02-May-2024 15:02:25.016 INFO [main] org.apache.catalina.startup.Catalina.start Server startup in [164] milliseconds
02-May-2024 15:03:54.257 INFO [Thread-1] org.apache.coyote.AbstractProtocol.pause Pausing ProtocolHandler ["http-nio-8080"]
02-May-2024 15:03:54.260 INFO [Thread-1] org.apache.catalina.core.StandardService.stopInternal Stopping service [Catalina]
02-May-2024 15:03:54.261 INFO [Thread-1] org.apache.coyote.AbstractProtocol.stop Stopping ProtocolHandler ["http-nio-8080"]
02-May-2024 15:03:54.265 INFO [Thread-1] org.apache.coyote.AbstractProtocol.destroy Destroying ProtocolHandler ["http-nio-8080"]
